Analysis & Synthesis report for audio_processing_for_DE2
Thu Jul 04 14:14:16 2019
Quartus II 32-bit Version 13.0.1 Build 232 06/12/2013 Service Pack 1 SJ Web Edition


---------------------
; Table of Contents ;
---------------------
  1. Legal Notice
  2. Analysis & Synthesis Summary
  3. Analysis & Synthesis Settings
  4. Parallel Compilation
  5. Analysis & Synthesis Messages



----------------
; Legal Notice ;
----------------
Copyright (C) 1991-2013 Altera Corporation
Your use of Altera Corporation's design tools, logic functions 
and other software and tools, and its AMPP partner logic 
functions, and any output files from any of the foregoing 
(including device programming or simulation files), and any 
associated documentation or information are expressly subject 
to the terms and conditions of the Altera Program License 
Subscription Agreement, Altera MegaCore Function License 
Agreement, or other applicable license agreement, including, 
without limitation, that your use is for the sole purpose of 
programming logic devices manufactured by Altera and sold by 
Altera or its authorized distributors.  Please refer to the 
applicable agreement for further details.



+--------------------------------------------------------------------------------------+
; Analysis & Synthesis Summary                                                         ;
+------------------------------------+-------------------------------------------------+
; Analysis & Synthesis Status        ; Failed - Thu Jul 04 14:14:16 2019               ;
; Quartus II 32-bit Version          ; 13.0.1 Build 232 06/12/2013 SP 1 SJ Web Edition ;
; Revision Name                      ; audio_processing_for_DE2                        ;
; Top-level Entity Name              ; topLevelDE2                                     ;
; Family                             ; Cyclone IV E                                    ;
; Total logic elements               ; N/A until Partition Merge                       ;
;     Total combinational functions  ; N/A until Partition Merge                       ;
;     Dedicated logic registers      ; N/A until Partition Merge                       ;
; Total registers                    ; N/A until Partition Merge                       ;
; Total pins                         ; N/A until Partition Merge                       ;
; Total virtual pins                 ; N/A until Partition Merge                       ;
; Total memory bits                  ; N/A until Partition Merge                       ;
; Embedded Multiplier 9-bit elements ; N/A until Partition Merge                       ;
; Total PLLs                         ; N/A until Partition Merge                       ;
+------------------------------------+-------------------------------------------------+


+----------------------------------------------------------------------------------------------------------------------------+
; Analysis & Synthesis Settings                                                                                              ;
+----------------------------------------------------------------------------+--------------------+--------------------------+
; Option                                                                     ; Setting            ; Default Value            ;
+----------------------------------------------------------------------------+--------------------+--------------------------+
; Device                                                                     ; EP4CE115F29C7      ;                          ;
; Top-level entity name                                                      ; topLevelDE2        ; audio_processing_for_DE2 ;
; Family name                                                                ; Cyclone IV E       ; Cyclone V                ;
; Use smart compilation                                                      ; Off                ; Off                      ;
; Enable parallel Assembler and TimeQuest Timing Analyzer during compilation ; On                 ; On                       ;
; Enable compact report table                                                ; Off                ; Off                      ;
; Restructure Multiplexers                                                   ; Auto               ; Auto                     ;
; Create Debugging Nodes for IP Cores                                        ; Off                ; Off                      ;
; Preserve fewer node names                                                  ; On                 ; On                       ;
; Disable OpenCore Plus hardware evaluation                                  ; Off                ; Off                      ;
; Verilog Version                                                            ; Verilog_2001       ; Verilog_2001             ;
; VHDL Version                                                               ; VHDL_1993          ; VHDL_1993                ;
; State Machine Processing                                                   ; Auto               ; Auto                     ;
; Safe State Machine                                                         ; Off                ; Off                      ;
; Extract Verilog State Machines                                             ; On                 ; On                       ;
; Extract VHDL State Machines                                                ; On                 ; On                       ;
; Ignore Verilog initial constructs                                          ; Off                ; Off                      ;
; Iteration limit for constant Verilog loops                                 ; 5000               ; 5000                     ;
; Iteration limit for non-constant Verilog loops                             ; 250                ; 250                      ;
; Add Pass-Through Logic to Inferred RAMs                                    ; On                 ; On                       ;
; Infer RAMs from Raw Logic                                                  ; On                 ; On                       ;
; Parallel Synthesis                                                         ; On                 ; On                       ;
; DSP Block Balancing                                                        ; Auto               ; Auto                     ;
; NOT Gate Push-Back                                                         ; On                 ; On                       ;
; Power-Up Don't Care                                                        ; On                 ; On                       ;
; Remove Redundant Logic Cells                                               ; Off                ; Off                      ;
; Remove Duplicate Registers                                                 ; On                 ; On                       ;
; Ignore CARRY Buffers                                                       ; Off                ; Off                      ;
; Ignore CASCADE Buffers                                                     ; Off                ; Off                      ;
; Ignore GLOBAL Buffers                                                      ; Off                ; Off                      ;
; Ignore ROW GLOBAL Buffers                                                  ; Off                ; Off                      ;
; Ignore LCELL Buffers                                                       ; Off                ; Off                      ;
; Ignore SOFT Buffers                                                        ; On                 ; On                       ;
; Limit AHDL Integers to 32 Bits                                             ; Off                ; Off                      ;
; Optimization Technique                                                     ; Balanced           ; Balanced                 ;
; Carry Chain Length                                                         ; 70                 ; 70                       ;
; Auto Carry Chains                                                          ; On                 ; On                       ;
; Auto Open-Drain Pins                                                       ; On                 ; On                       ;
; Perform WYSIWYG Primitive Resynthesis                                      ; Off                ; Off                      ;
; Auto ROM Replacement                                                       ; On                 ; On                       ;
; Auto RAM Replacement                                                       ; On                 ; On                       ;
; Auto DSP Block Replacement                                                 ; On                 ; On                       ;
; Auto Shift Register Replacement                                            ; Auto               ; Auto                     ;
; Allow Shift Register Merging across Hierarchies                            ; Auto               ; Auto                     ;
; Auto Clock Enable Replacement                                              ; On                 ; On                       ;
; Strict RAM Replacement                                                     ; Off                ; Off                      ;
; Allow Synchronous Control Signals                                          ; On                 ; On                       ;
; Force Use of Synchronous Clear Signals                                     ; Off                ; Off                      ;
; Auto RAM Block Balancing                                                   ; On                 ; On                       ;
; Auto RAM to Logic Cell Conversion                                          ; Off                ; Off                      ;
; Auto Resource Sharing                                                      ; Off                ; Off                      ;
; Allow Any RAM Size For Recognition                                         ; Off                ; Off                      ;
; Allow Any ROM Size For Recognition                                         ; Off                ; Off                      ;
; Allow Any Shift Register Size For Recognition                              ; Off                ; Off                      ;
; Use LogicLock Constraints during Resource Balancing                        ; On                 ; On                       ;
; Ignore translate_off and synthesis_off directives                          ; Off                ; Off                      ;
; Timing-Driven Synthesis                                                    ; On                 ; On                       ;
; Report Parameter Settings                                                  ; On                 ; On                       ;
; Report Source Assignments                                                  ; On                 ; On                       ;
; Report Connectivity Checks                                                 ; On                 ; On                       ;
; Ignore Maximum Fan-Out Assignments                                         ; Off                ; Off                      ;
; Synchronization Register Chain Length                                      ; 2                  ; 2                        ;
; PowerPlay Power Optimization                                               ; Normal compilation ; Normal compilation       ;
; HDL message level                                                          ; Level2             ; Level2                   ;
; Suppress Register Optimization Related Messages                            ; Off                ; Off                      ;
; Number of Removed Registers Reported in Synthesis Report                   ; 5000               ; 5000                     ;
; Number of Swept Nodes Reported in Synthesis Report                         ; 5000               ; 5000                     ;
; Number of Inverted Registers Reported in Synthesis Report                  ; 100                ; 100                      ;
; Clock MUX Protection                                                       ; On                 ; On                       ;
; Auto Gated Clock Conversion                                                ; Off                ; Off                      ;
; Block Design Naming                                                        ; Auto               ; Auto                     ;
; SDC constraint protection                                                  ; Off                ; Off                      ;
; Synthesis Effort                                                           ; Auto               ; Auto                     ;
; Shift Register Replacement - Allow Asynchronous Clear Signal               ; On                 ; On                       ;
; Pre-Mapping Resynthesis Optimization                                       ; Off                ; Off                      ;
; Analysis & Synthesis Message Level                                         ; Medium             ; Medium                   ;
; Disable Register Merging Across Hierarchies                                ; Auto               ; Auto                     ;
; Resource Aware Inference For Block RAM                                     ; On                 ; On                       ;
; Synthesis Seed                                                             ; 1                  ; 1                        ;
+----------------------------------------------------------------------------+--------------------+--------------------------+


Parallel compilation was disabled, but you have multiple processors available. Enable parallel compilation to reduce compilation time.
+-------------------------------------+
; Parallel Compilation                ;
+----------------------------+--------+
; Processors                 ; Number ;
+----------------------------+--------+
; Number detected on machine ; 8      ;
; Maximum allowed            ; 1      ;
+----------------------------+--------+


+-------------------------------+
; Analysis & Synthesis Messages ;
+-------------------------------+
Info: *******************************************************************
Info: Running Quartus II 32-bit Analysis & Synthesis
    Info: Version 13.0.1 Build 232 06/12/2013 Service Pack 1 SJ Web Edition
    Info: Processing started: Thu Jul 04 14:14:15 2019
Info: Command: quartus_map --read_settings_files=on --write_settings_files=off audio_processing_for_DE2 -c audio_processing_for_DE2
Warning (20028): Parallel compilation is not licensed and has been disabled
Info (12021): Found 2 design units, including 1 entities, in source file /users/user/documents/qt_latest/qt/acdi_de2/ring_buffer_toplevel.vhd
    Info (12022): Found design unit 1: ring_buffer_toplevel-BEHAVE
    Info (12023): Found entity 1: ring_buffer_toplevel
Info (12021): Found 0 design units, including 0 entities, in source file /users/user/documents/qt_latest/qt/acdi_de2/neuron.vhd
Info (12021): Found 1 design units, including 1 entities, in source file /users/user/documents/qt_latest/qt/acdi_de2/clock_generator.v
    Info (12023): Found entity 1: clock_generator
Info (12021): Found 1 design units, including 1 entities, in source file /users/user/documents/qt_latest/qt/acdi_de2/circular_buffer.vhd
    Info (12023): Found entity 1: circular_buffer
Info (12021): Found 1 design units, including 1 entities, in source file /users/user/documents/qt_latest/qt/acdi_de2/audio_codec.v
    Info (12023): Found entity 1: audio_codec
Info (12021): Found 1 design units, including 1 entities, in source file /users/user/documents/qt_latest/qt/acdi_de2/audio_and_video_config.v
    Info (12023): Found entity 1: audio_and_video_config
Info (12021): Found 1 design units, including 1 entities, in source file /users/user/documents/qt_latest/qt/acdi_de2/altera_up_sync_fifo.v
    Info (12023): Found entity 1: Altera_UP_SYNC_FIFO
Info (12021): Found 1 design units, including 1 entities, in source file /users/user/documents/qt_latest/qt/acdi_de2/altera_up_slow_clock_generator.v
    Info (12023): Found entity 1: Altera_UP_Slow_Clock_Generator
Info (12021): Found 1 design units, including 1 entities, in source file /users/user/documents/qt_latest/qt/acdi_de2/altera_up_i2c_lcm_auto_initialize.v
    Info (12023): Found entity 1: Altera_UP_I2C_LCM_Auto_Initialize
Info (12021): Found 1 design units, including 1 entities, in source file /users/user/documents/qt_latest/qt/acdi_de2/altera_up_i2c_dc_auto_initialize.v
    Info (12023): Found entity 1: Altera_UP_I2C_DC_Auto_Initialize
Info (12021): Found 1 design units, including 1 entities, in source file /users/user/documents/qt_latest/qt/acdi_de2/altera_up_i2c_av_auto_initialize.v
    Info (12023): Found entity 1: Altera_UP_I2C_AV_Auto_Initialize
Info (12021): Found 1 design units, including 1 entities, in source file /users/user/documents/qt_latest/qt/acdi_de2/altera_up_i2c.v
    Info (12023): Found entity 1: Altera_UP_I2C
Info (12021): Found 1 design units, including 1 entities, in source file /users/user/documents/qt_latest/qt/acdi_de2/altera_up_clock_edge.v
    Info (12023): Found entity 1: Altera_UP_Clock_Edge
Info (12021): Found 1 design units, including 1 entities, in source file /users/user/documents/qt_latest/qt/acdi_de2/altera_up_audio_out_serializer.v
    Info (12023): Found entity 1: Altera_UP_Audio_Out_Serializer
Info (12021): Found 1 design units, including 1 entities, in source file /users/user/documents/qt_latest/qt/acdi_de2/altera_up_audio_in_deserializer.v
    Info (12023): Found entity 1: Altera_UP_Audio_In_Deserializer
Info (12021): Found 1 design units, including 1 entities, in source file /users/user/documents/qt_latest/qt/acdi_de2/altera_up_audio_bit_counter.v
    Info (12023): Found entity 1: Altera_UP_Audio_Bit_Counter
Info (12021): Found 2 design units, including 1 entities, in source file files/copy_machine_control_unit.vhd
    Info (12022): Found design unit 1: COPY_MACHINE_CONTROL_UNIT-BEHAVE
    Info (12023): Found entity 1: COPY_MACHINE_CONTROL_UNIT
Info (12021): Found 1 design units, including 0 entities, in source file files/audiodatapkg.vhd
    Info (12022): Found design unit 1: audioDataPkg
Info (12021): Found 2 design units, including 1 entities, in source file files/yourcircuit.vhd
    Info (12022): Found design unit 1: yourCircuit-test
    Info (12023): Found entity 1: yourCircuit
Info (12021): Found 2 design units, including 1 entities, in source file files/toplevelde2.vhd
    Info (12022): Found design unit 1: topLevelDE2-Struct
    Info (12023): Found entity 1: topLevelDE2
Info (12021): Found 2 design units, including 1 entities, in source file files/copy_machine.vhd
    Info (12022): Found design unit 1: copy_machine-arch
    Info (12023): Found entity 1: copy_machine
Info (12021): Found 2 design units, including 1 entities, in source file files/buffer_register.vhd
    Info (12022): Found design unit 1: buffer_register-BEHAVE
    Info (12023): Found entity 1: buffer_register
Info (12021): Found 2 design units, including 1 entities, in source file output_files/denoising_auto_encoder.vhd
    Info (12022): Found design unit 1: denoising_auto_encoder-BEHAVE
    Info (12023): Found entity 1: denoising_auto_encoder
Error (10405): VHDL error at denoising_auto_encoder.vhd(49): can't determine type of object at or near identifier "to_stdlogicvector" -- found 0 possible types File: C:/Users/User/Documents/qt_latest/qt/project/output_files/denoising_auto_encoder.vhd Line: 49
Error: Quartus II 32-bit Analysis & Synthesis was unsuccessful. 1 error, 1 warning
    Error: Peak virtual memory: 349 megabytes
    Error: Processing ended: Thu Jul 04 14:14:16 2019
    Error: Elapsed time: 00:00:01
    Error: Total CPU time (on all processors): 00:00:01


