Flow report for audio_processing_for_DE2
Thu Jul 04 14:14:16 2019
Quartus II 32-bit Version 13.0.1 Build 232 06/12/2013 Service Pack 1 SJ Web Edition


---------------------
; Table of Contents ;
---------------------
  1. Legal Notice
  2. Flow Summary
  3. Flow Settings
  4. Flow Non-Default Global Settings
  5. Flow Elapsed Time
  6. Flow OS Summary
  7. Flow Log
  8. Flow Messages
  9. Flow Suppressed Messages



----------------
; Legal Notice ;
----------------
Copyright (C) 1991-2013 Altera Corporation
Your use of Altera Corporation's design tools, logic functions 
and other software and tools, and its AMPP partner logic 
functions, and any output files from any of the foregoing 
(including device programming or simulation files), and any 
associated documentation or information are expressly subject 
to the terms and conditions of the Altera Program License 
Subscription Agreement, Altera MegaCore Function License 
Agreement, or other applicable license agreement, including, 
without limitation, that your use is for the sole purpose of 
programming logic devices manufactured by Altera and sold by 
Altera or its authorized distributors.  Please refer to the 
applicable agreement for further details.



+--------------------------------------------------------------------------------------+
; Flow Summary                                                                         ;
+------------------------------------+-------------------------------------------------+
; Flow Status                        ; Flow Failed - Thu Jul 04 14:14:16 2019          ;
; Quartus II 32-bit Version          ; 13.0.1 Build 232 06/12/2013 SP 1 SJ Web Edition ;
; Revision Name                      ; audio_processing_for_DE2                        ;
; Top-level Entity Name              ; topLevelDE2                                     ;
; Family                             ; Cyclone IV E                                    ;
; Device                             ; EP4CE115F29C7                                   ;
; Timing Models                      ; Final                                           ;
; Total logic elements               ; N/A until Partition Merge                       ;
;     Total combinational functions  ; N/A until Partition Merge                       ;
;     Dedicated logic registers      ; N/A until Partition Merge                       ;
; Total registers                    ; N/A until Partition Merge                       ;
; Total pins                         ; N/A until Partition Merge                       ;
; Total virtual pins                 ; N/A until Partition Merge                       ;
; Total memory bits                  ; N/A until Partition Merge                       ;
; Embedded Multiplier 9-bit elements ; N/A until Partition Merge                       ;
; Total PLLs                         ; N/A until Partition Merge                       ;
+------------------------------------+-------------------------------------------------+


+----------------------------------------------+
; Flow Settings                                ;
+-------------------+--------------------------+
; Option            ; Setting                  ;
+-------------------+--------------------------+
; Start date & time ; 07/04/2019 14:14:16      ;
; Main task         ; Compilation              ;
; Revision Name     ; audio_processing_for_DE2 ;
+-------------------+--------------------------+


+----------------------------------------------------------------------------------------------------------------------------------------------------------------------------------------+
; Flow Non-Default Global Settings                                                                                                                                                       ;
+--------------------------------------+---------------------------------------------------------------------------------------+--------------------------+-------------+----------------+
; Assignment Name                      ; Value                                                                                 ; Default Value            ; Entity Name ; Section Id     ;
+--------------------------------------+---------------------------------------------------------------------------------------+--------------------------+-------------+----------------+
; COMPILER_SIGNATURE_ID                ; 109954663041.156224245502208                                                          ; --                       ; --          ; --             ;
; EDA_DESIGN_INSTANCE_NAME             ; NA                                                                                    ; --                       ; --          ; testbench      ;
; EDA_NATIVELINK_SIMULATION_TEST_BENCH ; testbench                                                                             ; --                       ; --          ; eda_simulation ;
; EDA_OUTPUT_DATA_FORMAT               ; Vhdl                                                                                  ; --                       ; --          ; eda_simulation ;
; EDA_RUN_TOOL_AUTOMATICALLY           ; Off                                                                                   ; --                       ; --          ; eda_simulation ;
; EDA_SIMULATION_TOOL                  ; ModelSim-Altera (VHDL)                                                                ; <None>                   ; --          ; --             ;
; EDA_TEST_BENCH_ENABLE_STATUS         ; TEST_BENCH_MODE                                                                       ; --                       ; --          ; eda_simulation ;
; EDA_TEST_BENCH_FILE                  ; ../simulator/tb_testWithSimulator.vhd                                                 ; --                       ; --          ; testbench      ;
; EDA_TEST_BENCH_MODULE_NAME           ; testbench                                                                             ; --                       ; --          ; testbench      ;
; EDA_TEST_BENCH_NAME                  ; testbench                                                                             ; --                       ; --          ; eda_simulation ;
; EDA_TIME_SCALE                       ; 1 ps                                                                                  ; --                       ; --          ; eda_simulation ;
; MAX_CORE_JUNCTION_TEMP               ; 85                                                                                    ; --                       ; --          ; --             ;
; MIN_CORE_JUNCTION_TEMP               ; 0                                                                                     ; --                       ; --          ; --             ;
; PARTITION_COLOR                      ; 16764057                                                                              ; --                       ; topLevelDE2 ; Top            ;
; PARTITION_FITTER_PRESERVATION_LEVEL  ; PLACEMENT_AND_ROUTING                                                                 ; --                       ; topLevelDE2 ; Top            ;
; PARTITION_NETLIST_TYPE               ; SOURCE                                                                                ; --                       ; topLevelDE2 ; Top            ;
; POWER_BOARD_THERMAL_MODEL            ; None (CONSERVATIVE)                                                                   ; --                       ; --          ; --             ;
; POWER_PRESET_COOLING_SOLUTION        ; 23 MM HEAT SINK WITH 200 LFPM AIRFLOW                                                 ; --                       ; --          ; --             ;
; PROJECT_OUTPUT_DIRECTORY             ; output_files                                                                          ; --                       ; --          ; --             ;
; SEARCH_PATH                          ; /home/julian/Documents/Programming/GitHub/deep_learning_fpga/quartus_project/ACDI_DE2 ; --                       ; --          ; --             ;
; TOP_LEVEL_ENTITY                     ; topLevelDE2                                                                           ; audio_processing_for_DE2 ; --          ; --             ;
+--------------------------------------+---------------------------------------------------------------------------------------+--------------------------+-------------+----------------+


+--------------------------------------------------------------------------------------------------------------------------+
; Flow Elapsed Time                                                                                                        ;
+----------------------+--------------+-------------------------+---------------------+------------------------------------+
; Module Name          ; Elapsed Time ; Average Processors Used ; Peak Virtual Memory ; Total CPU Time (on all processors) ;
+----------------------+--------------+-------------------------+---------------------+------------------------------------+
; Analysis & Synthesis ; 00:00:01     ; 1.0                     ; 349 MB              ; 00:00:01                           ;
; Total                ; 00:00:01     ; --                      ; --                  ; 00:00:01                           ;
+----------------------+--------------+-------------------------+---------------------+------------------------------------+


+-----------------------------------------------------------------------------------+
; Flow OS Summary                                                                   ;
+----------------------+------------------+-----------+------------+----------------+
; Module Name          ; Machine Hostname ; OS Name   ; OS Version ; Processor type ;
+----------------------+------------------+-----------+------------+----------------+
; Analysis & Synthesis ; DT09             ; Windows 7 ; 6.1        ; i686           ;
+----------------------+------------------+-----------+------------+----------------+


------------
; Flow Log ;
------------
quartus_map --read_settings_files=on --write_settings_files=off audio_processing_for_DE2 -c audio_processing_for_DE2



