Flow report for audio_processing_for_DE2
Thu Aug  8 18:18:50 2019
Quartus Prime Version 18.1.0 Build 625 09/12/2018 SJ Lite Edition


---------------------
; Table of Contents ;
---------------------
  1. Legal Notice
  2. Flow Summary
  3. Flow Settings
  4. Flow Non-Default Global Settings
  5. Flow Elapsed Time
  6. Flow OS Summary
  7. Flow Log
  8. Flow Messages
  9. Flow Suppressed Messages



----------------
; Legal Notice ;
----------------
Copyright (C) 2018  Intel Corporation. All rights reserved.
Your use of Intel Corporation's design tools, logic functions 
and other software and tools, and its AMPP partner logic 
functions, and any output files from any of the foregoing 
(including device programming or simulation files), and any 
associated documentation or information are expressly subject 
to the terms and conditions of the Intel Program License 
Subscription Agreement, the Intel Quartus Prime License Agreement,
the Intel FPGA IP License Agreement, or other applicable license
agreement, including, without limitation, that your use is for
the sole purpose of programming logic devices manufactured by
Intel and sold by Intel or its authorized distributors.  Please
refer to the applicable agreement for further details.



+----------------------------------------------------------------------------------+
; Flow Summary                                                                     ;
+------------------------------------+---------------------------------------------+
; Flow Status                        ; Successful - Thu Aug  8 18:18:50 2019       ;
; Quartus Prime Version              ; 18.1.0 Build 625 09/12/2018 SJ Lite Edition ;
; Revision Name                      ; audio_processing_for_DE2                    ;
; Top-level Entity Name              ; topLevelDE2                                 ;
; Family                             ; Cyclone IV E                                ;
; Device                             ; EP4CE115F29C7                               ;
; Timing Models                      ; Final                                       ;
; Total logic elements               ; 726 / 114,480 ( < 1 % )                     ;
;     Total combinational functions  ; 583 / 114,480 ( < 1 % )                     ;
;     Dedicated logic registers      ; 470 / 114,480 ( < 1 % )                     ;
; Total registers                    ; 470                                         ;
; Total pins                         ; 52 / 529 ( 10 % )                           ;
; Total virtual pins                 ; 0                                           ;
; Total memory bits                  ; 12,414 / 3,981,312 ( < 1 % )                ;
; Embedded Multiplier 9-bit elements ; 0 / 532 ( 0 % )                             ;
; Total PLLs                         ; 1 / 4 ( 25 % )                              ;
+------------------------------------+---------------------------------------------+


+----------------------------------------------+
; Flow Settings                                ;
+-------------------+--------------------------+
; Option            ; Setting                  ;
+-------------------+--------------------------+
; Start date & time ; 08/08/2019 18:18:11      ;
; Main task         ; Compilation              ;
; Revision Name     ; audio_processing_for_DE2 ;
+-------------------+--------------------------+


+----------------------------------------------------------------------------------------------------------------------------------------------------------------------------------------+
; Flow Non-Default Global Settings                                                                                                                                                       ;
+--------------------------------------+---------------------------------------------------------------------------------------+--------------------------+-------------+----------------+
; Assignment Name                      ; Value                                                                                 ; Default Value            ; Entity Name ; Section Id     ;
+--------------------------------------+---------------------------------------------------------------------------------------+--------------------------+-------------+----------------+
; COMPILER_SIGNATURE_ID                ; 168122004251235.156528109113462                                                       ; --                       ; --          ; --             ;
; EDA_DESIGN_INSTANCE_NAME             ; NA                                                                                    ; --                       ; --          ; testbench      ;
; EDA_NATIVELINK_SIMULATION_TEST_BENCH ; testbench                                                                             ; --                       ; --          ; eda_simulation ;
; EDA_OUTPUT_DATA_FORMAT               ; Vhdl                                                                                  ; --                       ; --          ; eda_simulation ;
; EDA_RUN_TOOL_AUTOMATICALLY           ; Off                                                                                   ; --                       ; --          ; eda_simulation ;
; EDA_SIMULATION_TOOL                  ; ModelSim-Altera (VHDL)                                                                ; <None>                   ; --          ; --             ;
; EDA_TEST_BENCH_ENABLE_STATUS         ; TEST_BENCH_MODE                                                                       ; --                       ; --          ; eda_simulation ;
; EDA_TEST_BENCH_FILE                  ; simulator/tb_testWithSimulator.vhd                                                    ; --                       ; --          ; testbench      ;
; EDA_TEST_BENCH_MODULE_NAME           ; testbench                                                                             ; --                       ; --          ; testbench      ;
; EDA_TEST_BENCH_NAME                  ; testbench                                                                             ; --                       ; --          ; eda_simulation ;
; EDA_TIME_SCALE                       ; 1 ps                                                                                  ; --                       ; --          ; eda_simulation ;
; MAX_CORE_JUNCTION_TEMP               ; 85                                                                                    ; --                       ; --          ; --             ;
; MIN_CORE_JUNCTION_TEMP               ; 0                                                                                     ; --                       ; --          ; --             ;
; PARTITION_COLOR                      ; -- (Not supported for targeted family)                                                ; --                       ; topLevelDE2 ; Top            ;
; PARTITION_FITTER_PRESERVATION_LEVEL  ; -- (Not supported for targeted family)                                                ; --                       ; topLevelDE2 ; Top            ;
; PARTITION_NETLIST_TYPE               ; -- (Not supported for targeted family)                                                ; --                       ; topLevelDE2 ; Top            ;
; POWER_BOARD_THERMAL_MODEL            ; None (CONSERVATIVE)                                                                   ; --                       ; --          ; --             ;
; POWER_PRESET_COOLING_SOLUTION        ; 23 MM HEAT SINK WITH 200 LFPM AIRFLOW                                                 ; --                       ; --          ; --             ;
; PROJECT_OUTPUT_DIRECTORY             ; output_files                                                                          ; --                       ; --          ; --             ;
; SEARCH_PATH                          ; /home/julian/Documents/Programming/GitHub/deep_learning_fpga/quartus_project/ACDI_DE2 ; --                       ; --          ; --             ;
; SEARCH_PATH                          ; ACDI_DE2/                                                                             ; --                       ; --          ; --             ;
; SEARCH_PATH                          ; altera/13.0sp1/quartus/libraries/vhdl/ieee/                                           ; --                       ; --          ; --             ;
; SEARCH_PATH                          ; files/                                                                                ; --                       ; --          ; --             ;
; SEARCH_PATH                          ; megafunctions/                                                                        ; --                       ; --          ; --             ;
; SEARCH_PATH                          ; output_files/                                                                         ; --                       ; --          ; --             ;
; SEARCH_PATH                          ; simulator/                                                                            ; --                       ; --          ; --             ;
; TOP_LEVEL_ENTITY                     ; topLevelDE2                                                                           ; audio_processing_for_DE2 ; --          ; --             ;
+--------------------------------------+---------------------------------------------------------------------------------------+--------------------------+-------------+----------------+


+--------------------------------------------------------------------------------------------------------------------------+
; Flow Elapsed Time                                                                                                        ;
+----------------------+--------------+-------------------------+---------------------+------------------------------------+
; Module Name          ; Elapsed Time ; Average Processors Used ; Peak Virtual Memory ; Total CPU Time (on all processors) ;
+----------------------+--------------+-------------------------+---------------------+------------------------------------+
; Analysis & Synthesis ; 00:00:14     ; 1.0                     ; 1041 MB             ; 00:00:28                           ;
; Fitter               ; 00:00:16     ; 1.0                     ; 1449 MB             ; 00:00:22                           ;
; Assembler            ; 00:00:03     ; 1.0                     ; 821 MB              ; 00:00:03                           ;
; Timing Analyzer      ; 00:00:02     ; 1.1                     ; 889 MB              ; 00:00:02                           ;
; EDA Netlist Writer   ; 00:00:01     ; 1.0                     ; 1069 MB             ; 00:00:01                           ;
; Total                ; 00:00:36     ; --                      ; --                  ; 00:00:56                           ;
+----------------------+--------------+-------------------------+---------------------+------------------------------------+


+------------------------------------------------------------------------------------------------+
; Flow OS Summary                                                                                ;
+----------------------+--------------------------+----------------+------------+----------------+
; Module Name          ; Machine Hostname         ; OS Name        ; OS Version ; Processor type ;
+----------------------+--------------------------+----------------+------------+----------------+
; Analysis & Synthesis ; julian-HP-ProBook-440-G4 ; Ubuntu 18.04.3 ; 18         ; x86_64         ;
; Fitter               ; julian-HP-ProBook-440-G4 ; Ubuntu 18.04.3 ; 18         ; x86_64         ;
; Assembler            ; julian-HP-ProBook-440-G4 ; Ubuntu 18.04.3 ; 18         ; x86_64         ;
; Timing Analyzer      ; julian-HP-ProBook-440-G4 ; Ubuntu 18.04.3 ; 18         ; x86_64         ;
; EDA Netlist Writer   ; julian-HP-ProBook-440-G4 ; Ubuntu 18.04.3 ; 18         ; x86_64         ;
+----------------------+--------------------------+----------------+------------+----------------+


------------
; Flow Log ;
------------
quartus_map --read_settings_files=on --write_settings_files=off audio_processing_for_DE2 -c audio_processing_for_DE2
quartus_fit --read_settings_files=off --write_settings_files=off audio_processing_for_DE2 -c audio_processing_for_DE2
quartus_asm --read_settings_files=off --write_settings_files=off audio_processing_for_DE2 -c audio_processing_for_DE2
quartus_sta audio_processing_for_DE2 -c audio_processing_for_DE2
quartus_eda --read_settings_files=off --write_settings_files=off audio_processing_for_DE2 -c audio_processing_for_DE2



