Database Export report for audio_processing_for_DE2
Thu Jul 04 14:16:08 2019
Quartus II 32-bit Version 13.0.1 Build 232 06/12/2013 Service Pack 1 SJ Web Edition


---------------------
; Table of Contents ;
---------------------
  1. Legal Notice
  2. Database Export Summary
  3. Database Export Messages



----------------
; Legal Notice ;
----------------
Copyright (C) 1991-2013 Altera Corporation
Your use of Altera Corporation's design tools, logic functions 
and other software and tools, and its AMPP partner logic 
functions, and any output files from any of the foregoing 
(including device programming or simulation files), and any 
associated documentation or information are expressly subject 
to the terms and conditions of the Altera Program License 
Subscription Agreement, Altera MegaCore Function License 
Agreement, or other applicable license agreement, including, 
without limitation, that your use is for the sole purpose of 
programming logic devices manufactured by Altera and sold by 
Altera or its authorized distributors.  Please refer to the 
applicable agreement for further details.



+----------------------------------------------------------------+
; Database Export Summary                                        ;
+------------------------+---------------------------------------+
; Database Export Status ; Successful - Thu Jul 04 14:16:08 2019 ;
; Revision Name          ; audio_processing_for_DE2              ;
; Top-level Entity Name  ; topLevelDE2                           ;
; Family                 ; Cyclone IV E                          ;
; Device                 ; EP4CE115F29C7                         ;
+------------------------+---------------------------------------+


+--------------------------+
; Database Export Messages ;
+--------------------------+
Info: *******************************************************************
Info: Running Quartus II 32-bit Database Export
    Info: Version 13.0.1 Build 232 06/12/2013 Service Pack 1 SJ Web Edition
    Info: Processing started: Thu Jul 04 14:16:06 2019
Info: Command: quartus_cdb audio_processing_for_DE2 -c audio_processing_for_DE2 --export_database=export_db
Info (39038): Successfully exported the post-synthesis black-box database
Info (39038): Successfully exported the post-synthesis database
Info (39038): Successfully exported the post-fitter database
Info: Quartus II 32-bit Database Export was successful. 0 errors, 0 warnings
    Info: Peak virtual memory: 339 megabytes
    Info: Processing ended: Thu Jul 04 14:16:08 2019
    Info: Elapsed time: 00:00:02
    Info: Total CPU time (on all processors): 00:00:02


